<?xml version="1.0" encoding="UTF-8" standalone="no"?><testsuite errors="0" failures="0" hostname="Absolution" name="default.ParallelOperationTests" tests="15" time="0.0780000"><properties><property name="java.runtime.name" value="Java(TM) SE Runtime Environment"/><property name="sun.boot.library.path" value="C:\Program Files\Java\jdk1.8.0_172\jre\bin"/><property name="java.vm.version" value="25.172-b11"/><property name="java.vm.vendor" value="Oracle Corporation"/><property name="java.vendor.url" value="http://java.oracle.com/"/><property name="path.separator" value=";"/><property name="java.vm.name" value="Java HotSpot(TM) 64-Bit Server VM"/><property name="file.encoding.pkg" value="sun.io"/><property name="user.country" value="GB"/><property name="user.script" value=""/><property name="sun.java.launcher" value="SUN_STANDARD"/><property name="sun.os.patch.level" value=""/><property name="java.vm.specification.name" value="Java Virtual Machine Specification"/><property name="user.dir" value="C:\Users\Sina\Projects\Epsilon\org.eclipse.epsilon\tests\org.eclipse.epsilon.eol.engine.test.acceptance"/><property name="java.runtime.version" value="1.8.0_172-b11"/><property name="java.awt.graphicsenv" value="sun.awt.Win32GraphicsEnvironment"/><property name="java.endorsed.dirs" value="C:\Program Files\Java\jdk1.8.0_172\jre\lib\endorsed"/><property name="os.arch" value="amd64"/><property name="java.io.tmpdir" value="C:\Users\Sina\AppData\Local\Temp\"/><property name="line.separator" value="&#13;&#10;"/><property name="java.vm.specification.vendor" value="Oracle Corporation"/><property name="user.variant" value=""/><property name="os.name" value="Windows 10"/><property name="sun.jnu.encoding" value="Cp1252"/><property name="java.library.path" value="C:\Program Files\Java\jdk1.8.0_172\bin;C:\WINDOWS\Sun\Java\bin;C:\WINDOWS\system32;C:\WINDOWS;c:/program files/java/jdk-10.0.1/bin/server;c:/program files/java/jdk-10.0.1/bin;c:\program files\python\;c:\programdata\ruby23\bin;c:\program files\python\scripts\;c:\program files (x86)\microsoft sdks\f#\4.0\framework\v4.0;c:\programdata\microsoft\nuget;c:\program files\android\android-sdk\tools;c:\program files\android\android-sdk\platform-tools;c:\program files\common files\microsoft shared\windows live;c:\program files (x86)\common files\microsoft shared\windows live;c:\program files (x86)\intel\icls client\;c:\program files\intel\icls client\;c:\windows\system32;c:\windows;c:\windows\system32\wbem;c:\windows\system32\windowspowershell\v1.0\;c:\program files (x86)\intel\opencl sdk\2.0\bin\x64;c:\program files\intel\intel(r) management engine components\dal;c:\program files\intel\intel(r) management engine components\ipt;c:\programdata\microsoft\nuget\packages\microsoft.net.compilers.1.1.1\tools;c:\program files\dotnet\;c:\program files (x86)\windows kits\10\windows performance toolkit\;c:\program files (x86)\microsoft visual studio\2017\buildtools\vc\auxiliary\build;c:\apache\maven\bin;c:\program files (x86)\windows live\shared;c:\program files\go\bin;c:\program files\nodejs\;c:\programdata\chocolatey\bin;c:\program files\miktex 2.9\miktex\bin\x64\;c:\programdata\strawberry\c\bin;c:\programdata\strawberry\perl\site\bin;c:\programdata\strawberry\perl\bin;c:\program files\git\cmd;c:\program files\java\jdk-10.0.1\bin;c:\apache\hadoop\bin;c:\program files\putty\;.\;c:\windows\system32;c:\windows;c:\windows\system32\wbem;c:\windows\system32\windowspowershell\v1.0\;c:\windows\system32\openssh\;c:\program files\java\kotlinc\bin;c:\program files\git\cmd;C:\Program Files (x86)\NVIDIA Corporation\PhysX\Common;;C:\Program Files\Microsoft VS Code\bin;C:\Users\Sina\.dnx\bin;C:\Users\Sina\AppData\Local\Microsoft\WindowsApps;C:\Users\Sina\go\;C:\Users\Sina\go\bin;C:\Users\Sina\AppData\Roaming\npm\node_modules;C:\Users\Sina\AppData\Roaming\npm;C:\Users\Sina\SkyDrive\Programming\Utilities\scripts;C:\Program Files\Microsoft VS Code\bin;C:\Program Files\Java\visualvm_141\bin;;C:\Users\Sina\Desktop;;."/><property name="java.specification.name" value="Java Platform API Specification"/><property name="java.class.version" value="52.0"/><property name="sun.management.compiler" value="HotSpot 64-Bit Tiered Compilers"/><property name="os.version" value="10.0"/><property name="user.home" value="C:\Users\Sina"/><property name="user.timezone" value="Europe/London"/><property name="java.awt.printerjob" value="sun.awt.windows.WPrinterJob"/><property name="file.encoding" value="UTF-8"/><property name="java.specification.version" value="1.8"/><property name="java.class.path" value="C:\Users\Sina\.p2\pool\plugins\org.hamcrest.library_1.3.0.v20180524-2246.jar;C:\Users\Sina\.p2\pool\plugins\org.junit_4.12.0.v201504281640\junit.jar;C:\Users\Sina\.p2\pool\plugins\org.hamcrest.core_1.3.0.v20180420-1519.jar;C:\Users\Sina\Projects\Epsilon\org.eclipse.epsilon\plugins\org.eclipse.epsilon.dependencies\bin;C:\Users\Sina\Projects\Epsilon\org.eclipse.epsilon\plugins\org.antlr.runtime_3.1.b1;C:\Users\Sina\Projects\Epsilon\org.eclipse.epsilon\plugins\org.eclipse.epsilon.common\bin;C:\Users\Sina\Projects\Epsilon\org.eclipse.epsilon\plugins\org.eclipse.epsilon.eol.engine\bin;C:\Users\Sina\Projects\Epsilon\org.eclipse.epsilon\plugins\org.eclipse.epsilon.common.dt\bin;C:\Users\Sina\.p2\pool\plugins\org.eclipse.ui_3.109.100.v20180426-0903.jar;C:\Users\Sina\.p2\pool\plugins\org.eclipse.swt_3.107.0.v20180611-0422.jar;C:\Users\Sina\.p2\pool\plugins\org.eclipse.swt.win32.win32.x86_64_3.107.0.v20180611-0422.jar;C:\Users\Sina\.p2\pool\plugins\org.eclipse.jface_3.14.0.v20180423-0714.jar;C:\Users\Sina\.p2\pool\plugins\org.eclipse.core.commands_3.9.100.v20180404-1234.jar;C:\Users\Sina\.p2\pool\plugins\org.eclipse.ui.workbench_3.111.0.v20180524-1156.jar;C:\Users\Sina\.p2\pool\plugins\org.eclipse.e4.ui.workbench3_0.14.100.v20180403-0945.jar;C:\Users\Sina\.p2\pool\plugins\org.eclipse.core.runtime_3.14.0.v20180417-0825.jar;C:\Users\Sina\.p2\pool\plugins\javax.inject_1.0.0.v20091030.jar;C:\Users\Sina\.p2\pool\plugins\org.eclipse.osgi_3.13.0.v20180409-1500.jar;C:\Users\Sina\.p2\pool\plugins\org.eclipse.osgi.compatibility.state_1.1.100.v20180331-1743.jar;C:\Users\Sina\.p2\pool\plugins\org.eclipse.equinox.common_3.10.0.v20180412-1130.jar;C:\Users\Sina\.p2\pool\plugins\org.eclipse.core.jobs_3.10.0.v20180427-1454.jar;C:\Users\Sina\.p2\pool\plugins\org.eclipse.equinox.registry_3.8.0.v20180426-1327.jar;C:\Users\Sina\.p2\pool\plugins\org.eclipse.equinox.preferences_3.7.100.v20180510-1129.jar;C:\Users\Sina\.p2\pool\plugins\org.eclipse.core.contenttype_3.7.0.v20180426-1644.jar;C:\Users\Sina\.p2\pool\plugins\org.eclipse.equinox.app_1.3.500.v20171221-2204.jar;C:\Users\Sina\.p2\pool\plugins\org.eclipse.ui.editors_3.11.100.v20180512-1137.jar;C:\Users\Sina\.p2\pool\plugins\org.eclipse.core.filebuffers_3.6.200.v20180512-1137.jar;C:\Users\Sina\.p2\pool\plugins\org.eclipse.ui.workbench.texteditor_3.11.0.v20180419-2011.jar;C:\Users\Sina\.p2\pool\plugins\org.eclipse.jface.text_3.13.0.v20180527-1819.jar;C:\Users\Sina\.p2\pool\plugins\org.eclipse.text_3.6.300.v20180430-1330.jar;C:\Users\Sina\.p2\pool\plugins\org.eclipse.ui.views_3.9.100.v20180427-1355.jar;C:\Users\Sina\.p2\pool\plugins\org.eclipse.ui.ide_3.14.0.v20180517-1842.jar;C:\Users\Sina\.p2\pool\plugins\org.eclipse.debug.ui_3.13.0.v20180514-0621.jar;C:\Users\Sina\.p2\pool\plugins\org.eclipse.debug.core_3.12.0.v20180509-0959.jar;C:\Users\Sina\.p2\pool\plugins\org.eclipse.core.resources_3.13.0.v20180512-1138.jar;C:\Users\Sina\.p2\pool\plugins\org.eclipse.ui.console_3.8.0.v20180413-0859.jar;C:\Users\Sina\.p2\pool\plugins\org.eclipse.core.variables_3.4.100.v20180509-0959.jar;C:\Users\Sina\Projects\Epsilon\org.eclipse.epsilon\plugins\org.eclipse.epsilon.erl.engine\bin;C:\Users\Sina\.p2\pool\plugins\org.eclipse.e4.ui.css.swt.theme_0.12.0.v20180403-0944.jar;C:\Users\Sina\Projects\Epsilon\org.eclipse.epsilon\plugins\org.eclipse.epsilon.eunit.engine\bin;C:\Users\Sina\Projects\Epsilon\org.eclipse.epsilon\plugins\org.eclipse.epsilon.emc.emf\bin;C:\Users\Sina\.p2\pool\plugins\org.eclipse.emf_2.7.0.v20180123-1048.jar;C:\Users\Sina\.p2\pool\plugins\org.eclipse.emf.ecore_2.14.0.v20180529-1144.jar;C:\Users\Sina\.p2\pool\plugins\org.eclipse.emf.common_2.14.0.v20180527-1134.jar;C:\Users\Sina\.p2\pool\plugins\org.eclipse.emf.ecore.xmi_2.14.0.v20180129-1548.jar;C:\Users\Sina\.p2\pool\plugins\org.eclipse.emf.ecore.change_2.12.0.v20180125-1130.jar;C:\Users\Sina\.p2\pool\plugins\com.google.inject_3.0.0.v201605172100.jar;C:\Users\Sina\.p2\pool\plugins\com.google.inject.multibindings_3.0.0.v201402270930.jar;C:\Users\Sina\.p2\pool\plugins\org.eclipse.xsd_2.14.0.v20180127-0547.jar;C:\Users\Sina\.p2\pool\plugins\org.eclipse.emf.ecore.xcore_1.6.0.v20180527-1213.jar;C:\Users\Sina\.p2\pool\plugins\org.eclipse.xtext_2.14.0.v20180522-1821.jar;C:\Users\Sina\.p2\pool\plugins\org.antlr.runtime_3.2.0.v201101311130.jar;C:\Users\Sina\.p2\pool\plugins\org.eclipse.emf.mwe.core_1.3.21.201705291011.jar;C:\Users\Sina\.p2\pool\plugins\org.apache.commons.cli_1.2.0.v201404270220.jar;C:\Users\Sina\.p2\pool\plugins\org.eclipse.emf.mwe2.runtime_2.9.1.201705291011.jar;C:\Users\Sina\.p2\pool\plugins\org.eclipse.emf.mwe.utils_1.3.21.201705291011.jar;C:\Users\Sina\.p2\pool\plugins\org.eclipse.xtext.util_2.14.0.v20180522-1821.jar;C:\Users\Sina\.p2\pool\plugins\com.google.guava_21.0.0.v20170206-1425.jar;C:\Users\Sina\.p2\pool\plugins\org.apache.log4j_1.2.15.v201012070815.jar;C:\Users\Sina\.p2\pool\plugins\org.eclipse.xtext.xbase_2.14.0.v20180522-1833.jar;C:\Users\Sina\.p2\pool\plugins\org.eclipse.xtext.common.types_2.14.0.v20180522-1833.jar;C:\Users\Sina\.p2\pool\plugins\org.eclipse.xtend.lib_2.14.0.v20180522-1629.jar;C:\Users\Sina\.p2\pool\plugins\org.eclipse.xtext.xbase.lib_2.14.0.v20180522-1629.jar;C:\Users\Sina\.p2\pool\plugins\org.eclipse.xtend.lib.macro_2.14.0.v20180522-1629.jar;C:\Users\Sina\.p2\pool\plugins\org.eclipse.xtext.ecore_2.14.0.v20180522-1833.jar;C:\Users\Sina\.p2\pool\plugins\org.eclipse.emf.ecore.xcore.lib_1.2.0.v20180125-1130.jar;C:\Users\Sina\.p2\pool\plugins\org.eclipse.emf.codegen.ecore.xtext_1.3.0.v20180125-1130.jar;C:\Users\Sina\.p2\pool\plugins\org.apache.commons.logging_1.1.1.v201101211721.jar;C:\Users\Sina\Projects\Epsilon\org.eclipse.epsilon\plugins\org.eclipse.epsilon.hutn.engine\bin;C:\Users\Sina\Projects\Epsilon\org.eclipse.epsilon\plugins\org.eclipse.epsilon.hutn.model\bin;C:\Users\Sina\Projects\Epsilon\org.eclipse.epsilon\plugins\org.eclipse.epsilon.antlr.postprocessor.model\bin;C:\Users\Sina\Projects\Epsilon\org.eclipse.epsilon\plugins\org.eclipse.epsilon.hutn.model.antlrAst\bin;C:\Users\Sina\Projects\Epsilon\org.eclipse.epsilon\plugins\org.eclipse.epsilon.hutn.model.config\bin;C:\Users\Sina\Projects\Epsilon\org.eclipse.epsilon\plugins\org.eclipse.epsilon.etl.engine\bin;C:\Users\Sina\Projects\Epsilon\parallel-epsilon\plugins\org.eclipse.epsilon.egl.engine\bin;C:\Users\Sina\Projects\Epsilon\org.eclipse.epsilon\plugins\org.eclipse.epsilon.evl.engine\bin;C:\Users\Sina\Projects\Epsilon\org.eclipse.epsilon\plugins\org.eclipse.epsilon.profiling\bin;C:\Users\Sina\Projects\Epsilon\org.eclipse.epsilon\plugins\org.eclipse.epsilon.antlr.postprocessor\bin;C:\Users\Sina\Projects\Epsilon\org.eclipse.epsilon\tests\org.mockito_1.8.4;C:\Users\Sina\Projects\Epsilon\org.eclipse.epsilon\tests\org.easymock_2.4\easymock.jar;C:\Users\Sina\Projects\Epsilon\org.eclipse.epsilon\tests\org.easymock_2.4\easymockclassextension.jar;C:\Users\Sina\Projects\Epsilon\org.eclipse.epsilon\tests\org.easymock_2.4\cglib-2.1_3-src.jar;C:\Users\Sina\Projects\Epsilon\org.eclipse.epsilon\tests\org.easymock_2.4\cglib-nodep-2.1_3.jar;C:\Users\Sina\Projects\Epsilon\org.eclipse.epsilon\plugins\org.eclipse.epsilon.emc.plainxml\bin;C:\Users\Sina\Projects\Epsilon\org.eclipse.epsilon\tests\org.eclipse.epsilon.test.dependencies\bin;C:\Users\Sina\Projects\Epsilon\org.eclipse.epsilon\tests\org.eclipse.epsilon.test.dependencies\lib\gunit-1.0.2.jar;C:\Users\Sina\Projects\Epsilon\org.eclipse.epsilon\tests\org.eclipse.epsilon.eol.engine.test.acceptance\bin;C:\Users\Sina\eclipse\configuration\org.eclipse.osgi\437\0\.cp;C:\Users\Sina\eclipse\configuration\org.eclipse.osgi\436\0\.cp"/><property name="user.name" value="Sina"/><property name="java.vm.specification.version" value="1.8"/><property name="sun.java.command" value="org.eclipse.jdt.internal.junit.runner.RemoteTestRunner -version 3 -port 52945 -testLoaderClass org.eclipse.jdt.internal.junit4.runner.JUnit4TestLoader -loaderpluginname org.eclipse.jdt.junit4.runtime -classNames org.eclipse.epsilon.eol.engine.test.acceptance.EolAcceptanceTestSuite"/><property name="java.home" value="C:\Program Files\Java\jdk1.8.0_172\jre"/><property name="sun.arch.data.model" value="64"/><property name="user.language" value="en"/><property name="java.specification.vendor" value="Oracle Corporation"/><property name="awt.toolkit" value="sun.awt.windows.WToolkit"/><property name="java.vm.info" value="mixed mode"/><property name="java.version" value="1.8.0_172"/><property name="java.ext.dirs" value="C:\Program Files\Java\jdk1.8.0_172\jre\lib\ext;C:\WINDOWS\Sun\Java\lib\ext"/><property name="sun.boot.class.path" value="C:\Program Files\Java\jdk1.8.0_172\jre\lib\resources.jar;C:\Program Files\Java\jdk1.8.0_172\jre\lib\rt.jar;C:\Program Files\Java\jdk1.8.0_172\jre\lib\sunrsasign.jar;C:\Program Files\Java\jdk1.8.0_172\jre\lib\jsse.jar;C:\Program Files\Java\jdk1.8.0_172\jre\lib\jce.jar;C:\Program Files\Java\jdk1.8.0_172\jre\lib\charsets.jar;C:\Program Files\Java\jdk1.8.0_172\jre\lib\jfr.jar;C:\Program Files\Java\jdk1.8.0_172\jre\classes"/><property name="java.vendor" value="Oracle Corporation"/><property name="file.separator" value="\"/><property name="java.vendor.url.bug" value="http://bugreport.sun.com/bugreport/"/><property name="sun.io.unicode.encoding" value="UnicodeLittle"/><property name="sun.cpu.endian" value="little"/><property name="sun.desktop" value="windows"/><property name="sun.cpu.isalist" value="amd64"/></properties><testcase classname="default.ParallelOperationTests" name="testParallelSelect" time="0.0160000"/><testcase classname="default.ParallelOperationTests" name="testParallelSelectOrdered" time="0.0150000"/><testcase classname="default.ParallelOperationTests" name="testParallelSelectOne" time="0.0160000"/><testcase classname="default.ParallelOperationTests" name="testParallelReject" time="0.00000"/><testcase classname="default.ParallelOperationTests" name="testParallelRejectOrdered" time="0.00000"/><testcase classname="default.ParallelOperationTests" name="testParallelRejectOne" time="0.00000"/><testcase classname="default.ParallelOperationTests" name="testParallelExists" time="0.00000"/><testcase classname="default.ParallelOperationTests" name="testParallelOne" time="0.0160000"/><testcase classname="default.ParallelOperationTests" name="testParallelNone" time="0.00000"/><testcase classname="default.ParallelOperationTests" name="testParallelForAll" time="0.00000"/><testcase classname="default.ParallelOperationTests" name="testParallelCollect" time="0.00000"/><testcase classname="default.ParallelOperationTests" name="testParallelCollectOrdered" time="0.0150000"/><testcase classname="default.ParallelOperationTests" name="testParallelSortBy" time="0.00000"/><testcase classname="default.ParallelOperationTests" name="testParallelSortByOrdered" time="0.00000"/><testcase classname="default.ParallelOperationTests" name="testParallelMapBy" time="0.00000"/><system-out/><system-err/></testsuite>